> Task :compileJava
> Task :processResources
> Task :classes
> Task :resolveMainClassName

> Task :bootRun

  .   ____          _            __ _ _
 /\\ / ___'_ __ _ _(_)_ __  __ _ \ \ \ \
( ( )\___ | '_ | '_| | '_ \/ _` | \ \ \ \
 \\/  ___)| |_)| | | | | || (_| |  ) ) ) )
  '  |____| .__|_| |_|_| |_\__, | / / / /
 =========|_|==============|___/=/_/_/_/

 :: Spring Boot ::                (v3.5.4)

2025-09-17T20:31:14.823+03:00  INFO 10957 --- [fantasy] [           main] com.example.fantasy.FantasyApplication   : Starting FantasyApplication using Java 17.0.14 with PID 10957 (/Users/Apple/Downloads/fantasy/build/classes/java/main started by Apple in /Users/Apple/Downloads/fantasy)
2025-09-17T20:31:14.825+03:00  INFO 10957 --- [fantasy] [           main] com.example.fantasy.FantasyApplication   : No active profile set, falling back to 1 default profile: "default"
2025-09-17T20:31:15.236+03:00  INFO 10957 --- [fantasy] [           main] .s.d.r.c.RepositoryConfigurationDelegate : Bootstrapping Spring Data JPA repositories in DEFAULT mode.
2025-09-17T20:31:15.280+03:00  INFO 10957 --- [fantasy] [           main] .s.d.r.c.RepositoryConfigurationDelegate : Finished Spring Data repository scanning in 39 ms. Found 17 JPA repository interfaces.
2025-09-17T20:31:15.554+03:00  INFO 10957 --- [fantasy] [           main] o.s.b.w.embedded.tomcat.TomcatWebServer  : Tomcat initialized with port 8080 (http)
2025-09-17T20:31:15.563+03:00  INFO 10957 --- [fantasy] [           main] o.apache.catalina.core.StandardService   : Starting service [Tomcat]
2025-09-17T20:31:15.563+03:00  INFO 10957 --- [fantasy] [           main] o.apache.catalina.core.StandardEngine    : Starting Servlet engine: [Apache Tomcat/10.1.43]
2025-09-17T20:31:15.594+03:00  INFO 10957 --- [fantasy] [           main] o.a.c.c.C.[Tomcat].[localhost].[/]       : Initializing Spring embedded WebApplicationContext
2025-09-17T20:31:15.595+03:00  INFO 10957 --- [fantasy] [           main] w.s.c.ServletWebServerApplicationContext : Root WebApplicationContext: initialization completed in 751 ms
2025-09-17T20:31:15.681+03:00  INFO 10957 --- [fantasy] [           main] com.zaxxer.hikari.HikariDataSource       : HikariPool-1 - Starting...
2025-09-17T20:31:15.783+03:00  INFO 10957 --- [fantasy] [           main] com.zaxxer.hikari.pool.HikariPool        : HikariPool-1 - Added connection org.postgresql.jdbc.PgConnection@24a0c58b
2025-09-17T20:31:15.784+03:00  INFO 10957 --- [fantasy] [           main] com.zaxxer.hikari.HikariDataSource       : HikariPool-1 - Start completed.
2025-09-17T20:31:20.865+03:00  INFO 10957 --- [fantasy] [           main] liquibase.database                       : Set default schema name to public
2025-09-17T20:31:21.126+03:00  INFO 10957 --- [fantasy] [           main] liquibase.changelog                      : Reading from public.databasechangelog
2025-09-17T20:31:21.165+03:00  INFO 10957 --- [fantasy] [           main] liquibase.ui                             : Database is up to date, no changesets to execute
2025-09-17T20:31:21.167+03:00  INFO 10957 --- [fantasy] [           main] liquibase.changelog                      : Reading from public.databasechangelog
2025-09-17T20:31:21.171+03:00  INFO 10957 --- [fantasy] [           main] liquibase.util                           : UPDATE SUMMARY
2025-09-17T20:31:21.171+03:00  INFO 10957 --- [fantasy] [           main] liquibase.util                           : Run:                          0
2025-09-17T20:31:21.171+03:00  INFO 10957 --- [fantasy] [           main] liquibase.util                           : Previously run:               2
2025-09-17T20:31:21.171+03:00  INFO 10957 --- [fantasy] [           main] liquibase.util                           : Filtered out:                 0
2025-09-17T20:31:21.171+03:00  INFO 10957 --- [fantasy] [           main] liquibase.util                           : -------------------------------
2025-09-17T20:31:21.171+03:00  INFO 10957 --- [fantasy] [           main] liquibase.util                           : Total change sets:            2
2025-09-17T20:31:21.171+03:00  INFO 10957 --- [fantasy] [           main] liquibase.util                           : Update summary generated
2025-09-17T20:31:21.172+03:00  INFO 10957 --- [fantasy] [           main] liquibase.command                        : Command execution complete
2025-09-17T20:31:22.144+03:00  INFO 10957 --- [fantasy] [           main] o.hibernate.jpa.internal.util.LogHelper  : HHH000204: Processing PersistenceUnitInfo [name: default]
2025-09-17T20:31:22.174+03:00  INFO 10957 --- [fantasy] [           main] org.hibernate.Version                    : HHH000412: Hibernate ORM core version 6.6.22.Final
2025-09-17T20:31:22.192+03:00  INFO 10957 --- [fantasy] [           main] o.h.c.internal.RegionFactoryInitiator    : HHH000026: Second-level cache disabled
2025-09-17T20:31:22.333+03:00  INFO 10957 --- [fantasy] [           main] o.s.o.j.p.SpringPersistenceUnitInfo      : No LoadTimeWeaver setup: ignoring JPA class transformer
2025-09-17T20:31:22.374+03:00  INFO 10957 --- [fantasy] [           main] org.hibernate.orm.connections.pooling    : HHH10001005: Database info:
	Database JDBC URL [Connecting through datasource 'HikariDataSource (HikariPool-1)']
	Database driver: undefined/unknown
	Database version: 17.6
	Autocommit mode: undefined/unknown
	Isolation level: undefined/unknown
	Minimum pool size: undefined/unknown
	Maximum pool size: undefined/unknown
2025-09-17T20:31:22.964+03:00  INFO 10957 --- [fantasy] [           main] o.h.e.t.j.p.i.JtaPlatformInitiator       : HHH000489: No JTA platform available (set 'hibernate.transaction.jta.platform' to enable JTA platform integration)
2025-09-17T20:31:22.996+03:00  INFO 10957 --- [fantasy] [           main] j.LocalContainerEntityManagerFactoryBean : Initialized JPA EntityManagerFactory for persistence unit 'default'
2025-09-17T20:31:23.182+03:00  INFO 10957 --- [fantasy] [           main] o.s.d.j.r.query.QueryEnhancerFactory     : Hibernate is in classpath; If applicable, HQL parser will be used.
2025-09-17T20:31:23.612+03:00  WARN 10957 --- [fantasy] [           main] JpaBaseConfiguration$JpaWebConfiguration : spring.jpa.open-in-view is enabled by default. Therefore, database queries may be performed during view rendering. Explicitly configure spring.jpa.open-in-view to disable this warning
2025-09-17T20:31:23.940+03:00  INFO 10957 --- [fantasy] [           main] o.s.b.w.embedded.tomcat.TomcatWebServer  : Tomcat started on port 8080 (http) with context path '/'
2025-09-17T20:31:23.948+03:00  INFO 10957 --- [fantasy] [           main] com.example.fantasy.FantasyApplication   : Started FantasyApplication in 9.329 seconds (process running for 9.494)
2025-09-17T20:34:00.761+03:00  INFO 10957 --- [fantasy] [ionShutdownHook] o.s.b.w.e.tomcat.GracefulShutdown        : Commencing graceful shutdown. Waiting for active requests to complete
2025-09-17T20:34:00.774+03:00  INFO 10957 --- [fantasy] [tomcat-shutdown] o.s.b.w.e.tomcat.GracefulShutdown        : Graceful shutdown complete
2025-09-17T20:34:00.780+03:00  INFO 10957 --- [fantasy] [ionShutdownHook] j.LocalContainerEntityManagerFactoryBean : Closing JPA EntityManagerFactory for persistence unit 'default'
2025-09-17T20:34:00.784+03:00  INFO 10957 --- [fantasy] [ionShutdownHook] com.zaxxer.hikari.HikariDataSource       : HikariPool-1 - Shutdown initiated...
2025-09-17T20:34:00.786+03:00  INFO 10957 --- [fantasy] [ionShutdownHook] com.zaxxer.hikari.HikariDataSource       : HikariPool-1 - Shutdown completed.

> Task :bootRun FAILED

FAILURE: Build failed with an exception.

* What went wrong:
Execution failed for task ':bootRun'.
> Process 'command '/Users/Apple/Library/Java/JavaVirtualMachines/jbr-17.0.14/Contents/Home/bin/java'' finished with non-zero exit value 143

* Try:
> Run with --stacktrace option to get the stack trace.
> Run with --info or --debug option to get more log output.
> Run with --scan to get full insights.
> Get more help at https://help.gradle.org.

BUILD FAILED in 2m 48s
4 actionable tasks: 4 executed
