To honour the JVM settings for this build a single-use Daemon process will be forked. For more on this, please refer to https://docs.gradle.org/8.14.3/userguide/gradle_daemon.html#sec:disabling_the_daemon in the Gradle documentation.
Daemon will be stopped at the end of the build 
> Task :compileJava UP-TO-DATE
> Task :processResources UP-TO-DATE
> Task :classes UP-TO-DATE
> Task :resolveMainClassName UP-TO-DATE

> Task :bootRun

  .   ____          _            __ _ _
 /\\ / ___'_ __ _ _(_)_ __  __ _ \ \ \ \
( ( )\___ | '_ | '_| | '_ \/ _` | \ \ \ \
 \\/  ___)| |_)| | | | | || (_| |  ) ) ) )
  '  |____| .__|_| |_|_| |_\__, | / / / /
 =========|_|==============|___/=/_/_/_/

 :: Spring Boot ::                (v3.5.4)

2025-09-21T01:15:34.998+03:00  INFO 87189 --- [fantasy] [           main] com.example.fantasy.FantasyApplication   : Starting FantasyApplication using Java 17.0.14 with PID 87189 (/Users/Apple/Downloads/fantasy/build/classes/java/main started by Apple in /Users/Apple/Downloads/fantasy)
2025-09-21T01:15:34.999+03:00  INFO 87189 --- [fantasy] [           main] com.example.fantasy.FantasyApplication   : No active profile set, falling back to 1 default profile: "default"
2025-09-21T01:15:35.458+03:00  INFO 87189 --- [fantasy] [           main] .s.d.r.c.RepositoryConfigurationDelegate : Bootstrapping Spring Data JPA repositories in DEFAULT mode.
2025-09-21T01:15:35.508+03:00  INFO 87189 --- [fantasy] [           main] .s.d.r.c.RepositoryConfigurationDelegate : Finished Spring Data repository scanning in 44 ms. Found 17 JPA repository interfaces.
2025-09-21T01:15:35.786+03:00  INFO 87189 --- [fantasy] [           main] o.s.b.w.embedded.tomcat.TomcatWebServer  : Tomcat initialized with port 8080 (http)
2025-09-21T01:15:35.793+03:00  INFO 87189 --- [fantasy] [           main] o.apache.catalina.core.StandardService   : Starting service [Tomcat]
2025-09-21T01:15:35.794+03:00  INFO 87189 --- [fantasy] [           main] o.apache.catalina.core.StandardEngine    : Starting Servlet engine: [Apache Tomcat/10.1.43]
2025-09-21T01:15:35.826+03:00  INFO 87189 --- [fantasy] [           main] o.a.c.c.C.[Tomcat].[localhost].[/]       : Initializing Spring embedded WebApplicationContext
2025-09-21T01:15:35.826+03:00  INFO 87189 --- [fantasy] [           main] w.s.c.ServletWebServerApplicationContext : Root WebApplicationContext: initialization completed in 808 ms
2025-09-21T01:15:35.957+03:00  INFO 87189 --- [fantasy] [           main] com.zaxxer.hikari.HikariDataSource       : HikariPool-1 - Starting...
2025-09-21T01:15:36.085+03:00  INFO 87189 --- [fantasy] [           main] com.zaxxer.hikari.pool.HikariPool        : HikariPool-1 - Added connection org.postgresql.jdbc.PgConnection@6424e613
2025-09-21T01:15:36.085+03:00  INFO 87189 --- [fantasy] [           main] com.zaxxer.hikari.HikariDataSource       : HikariPool-1 - Start completed.
2025-09-21T01:15:41.185+03:00  INFO 87189 --- [fantasy] [           main] liquibase.database                       : Set default schema name to public
2025-09-21T01:15:41.390+03:00  INFO 87189 --- [fantasy] [           main] liquibase.changelog                      : Reading from public.databasechangelog
2025-09-21T01:15:41.445+03:00  INFO 87189 --- [fantasy] [           main] liquibase.ui                             : Database is up to date, no changesets to execute
2025-09-21T01:15:41.446+03:00  INFO 87189 --- [fantasy] [           main] liquibase.changelog                      : Reading from public.databasechangelog
2025-09-21T01:15:41.450+03:00  INFO 87189 --- [fantasy] [           main] liquibase.util                           : UPDATE SUMMARY
2025-09-21T01:15:41.450+03:00  INFO 87189 --- [fantasy] [           main] liquibase.util                           : Run:                          0
2025-09-21T01:15:41.450+03:00  INFO 87189 --- [fantasy] [           main] liquibase.util                           : Previously run:               8
2025-09-21T01:15:41.450+03:00  INFO 87189 --- [fantasy] [           main] liquibase.util                           : Filtered out:                 0
2025-09-21T01:15:41.450+03:00  INFO 87189 --- [fantasy] [           main] liquibase.util                           : -------------------------------
2025-09-21T01:15:41.450+03:00  INFO 87189 --- [fantasy] [           main] liquibase.util                           : Total change sets:            8
2025-09-21T01:15:41.451+03:00  INFO 87189 --- [fantasy] [           main] liquibase.util                           : Update summary generated
2025-09-21T01:15:41.451+03:00  INFO 87189 --- [fantasy] [           main] liquibase.command                        : Command execution complete
2025-09-21T01:15:43.003+03:00  INFO 87189 --- [fantasy] [           main] o.hibernate.jpa.internal.util.LogHelper  : HHH000204: Processing PersistenceUnitInfo [name: default]
2025-09-21T01:15:43.032+03:00  INFO 87189 --- [fantasy] [           main] org.hibernate.Version                    : HHH000412: Hibernate ORM core version 6.6.22.Final
2025-09-21T01:15:43.053+03:00  INFO 87189 --- [fantasy] [           main] o.h.c.internal.RegionFactoryInitiator    : HHH000026: Second-level cache disabled
2025-09-21T01:15:43.189+03:00  INFO 87189 --- [fantasy] [           main] o.s.o.j.p.SpringPersistenceUnitInfo      : No LoadTimeWeaver setup: ignoring JPA class transformer
2025-09-21T01:15:43.228+03:00  INFO 87189 --- [fantasy] [           main] org.hibernate.orm.connections.pooling    : HHH10001005: Database info:
	Database JDBC URL [Connecting through datasource 'HikariDataSource (HikariPool-1)']
	Database driver: undefined/unknown
	Database version: 17.6
	Autocommit mode: undefined/unknown
	Isolation level: undefined/unknown
	Minimum pool size: undefined/unknown
	Maximum pool size: undefined/unknown
2025-09-21T01:15:43.852+03:00  INFO 87189 --- [fantasy] [           main] o.h.e.t.j.p.i.JtaPlatformInitiator       : HHH000489: No JTA platform available (set 'hibernate.transaction.jta.platform' to enable JTA platform integration)
2025-09-21T01:15:43.874+03:00  INFO 87189 --- [fantasy] [           main] j.LocalContainerEntityManagerFactoryBean : Initialized JPA EntityManagerFactory for persistence unit 'default'
2025-09-21T01:15:44.056+03:00  INFO 87189 --- [fantasy] [           main] o.s.d.j.r.query.QueryEnhancerFactory     : Hibernate is in classpath; If applicable, HQL parser will be used.
2025-09-21T01:15:44.497+03:00  WARN 87189 --- [fantasy] [           main] JpaBaseConfiguration$JpaWebConfiguration : spring.jpa.open-in-view is enabled by default. Therefore, database queries may be performed during view rendering. Explicitly configure spring.jpa.open-in-view to disable this warning
2025-09-21T01:15:44.828+03:00  WARN 87189 --- [fantasy] [           main] ConfigServletWebServerApplicationContext : Exception encountered during context initialization - cancelling refresh attempt: org.springframework.context.ApplicationContextException: Failed to start bean 'webServerStartStop'
2025-09-21T01:15:44.830+03:00  INFO 87189 --- [fantasy] [           main] j.LocalContainerEntityManagerFactoryBean : Closing JPA EntityManagerFactory for persistence unit 'default'
2025-09-21T01:15:44.831+03:00  INFO 87189 --- [fantasy] [           main] com.zaxxer.hikari.HikariDataSource       : HikariPool-1 - Shutdown initiated...
2025-09-21T01:15:44.831+03:00  INFO 87189 --- [fantasy] [           main] com.zaxxer.hikari.HikariDataSource       : HikariPool-1 - Shutdown completed.
2025-09-21T01:15:44.840+03:00  INFO 87189 --- [fantasy] [           main] .s.b.a.l.ConditionEvaluationReportLogger : 

Error starting ApplicationContext. To display the condition evaluation report re-run your application with 'debug' enabled.
2025-09-21T01:15:44.849+03:00 ERROR 87189 --- [fantasy] [           main] o.s.b.d.LoggingFailureAnalysisReporter   : 

***************************
APPLICATION FAILED TO START
***************************

Description:

Web server failed to start. Port 8080 was already in use.

Action:

Identify and stop the process that's listening on port 8080 or configure this application to listen on another port.


> Task :bootRun FAILED

FAILURE: Build failed with an exception.

* What went wrong:
Execution failed for task ':bootRun'.
> Process 'command '/Users/Apple/Library/Java/JavaVirtualMachines/jbr-17.0.14/Contents/Home/bin/java'' finished with non-zero exit value 1

* Try:
> Run with --stacktrace option to get the stack trace.
> Run with --info or --debug option to get more log output.
> Run with --scan to get full insights.
> Get more help at https://help.gradle.org.

BUILD FAILED in 16s
4 actionable tasks: 1 executed, 3 up-to-date
