> Task :compileJava UP-TO-DATE
> Task :processResources
> Task :classes
> Task :resolveMainClassName

> Task :bootRun FAILED

  .   ____          _            __ _ _
 /\\ / ___'_ __ _ _(_)_ __  __ _ \ \ \ \
( ( )\___ | '_ | '_| | '_ \/ _` | \ \ \ \
 \\/  ___)| |_)| | | | | || (_| |  ) ) ) )
  '  |____| .__|_| |_|_| |_\__, | / / / /
 =========|_|==============|___/=/_/_/_/

 :: Spring Boot ::                (v3.5.4)

2025-09-20T18:05:40.752+03:00  INFO 45913 --- [fantasy] [           main] com.example.fantasy.FantasyApplication   : Starting FantasyApplication using Java 17.0.14 with PID 45913 (/Users/Apple/Downloads/fantasy/build/classes/java/main started by Apple in /Users/Apple/Downloads/fantasy)
2025-09-20T18:05:40.755+03:00  INFO 45913 --- [fantasy] [           main] com.example.fantasy.FantasyApplication   : No active profile set, falling back to 1 default profile: "default"
2025-09-20T18:05:41.199+03:00  INFO 45913 --- [fantasy] [           main] .s.d.r.c.RepositoryConfigurationDelegate : Bootstrapping Spring Data JPA repositories in DEFAULT mode.
2025-09-20T18:05:41.250+03:00  INFO 45913 --- [fantasy] [           main] .s.d.r.c.RepositoryConfigurationDelegate : Finished Spring Data repository scanning in 46 ms. Found 17 JPA repository interfaces.
2025-09-20T18:05:41.536+03:00  INFO 45913 --- [fantasy] [           main] o.s.b.w.embedded.tomcat.TomcatWebServer  : Tomcat initialized with port 8080 (http)
2025-09-20T18:05:41.545+03:00  INFO 45913 --- [fantasy] [           main] o.apache.catalina.core.StandardService   : Starting service [Tomcat]
2025-09-20T18:05:41.546+03:00  INFO 45913 --- [fantasy] [           main] o.apache.catalina.core.StandardEngine    : Starting Servlet engine: [Apache Tomcat/10.1.43]
2025-09-20T18:05:41.582+03:00  INFO 45913 --- [fantasy] [           main] o.a.c.c.C.[Tomcat].[localhost].[/]       : Initializing Spring embedded WebApplicationContext
2025-09-20T18:05:41.582+03:00  INFO 45913 --- [fantasy] [           main] w.s.c.ServletWebServerApplicationContext : Root WebApplicationContext: initialization completed in 804 ms
2025-09-20T18:05:41.634+03:00  WARN 45913 --- [fantasy] [           main] ConfigServletWebServerApplicationContext : Exception encountered during context initialization - cancelling refresh attempt: org.springframework.beans.factory.BeanCreationException: Error creating bean with name 'entityManagerFactory' defined in class path resource [org/springframework/boot/autoconfigure/orm/jpa/HibernateJpaConfiguration.class]: Failed to initialize dependency 'liquibase' of LoadTimeWeaverAware bean 'entityManagerFactory': Error creating bean with name 'liquibase' defined in class path resource [org/springframework/boot/autoconfigure/liquibase/LiquibaseAutoConfiguration$LiquibaseConfiguration.class]: Unsatisfied dependency expressed through method 'liquibase' parameter 2: Error creating bean with name 'spring.liquibase-org.springframework.boot.autoconfigure.liquibase.LiquibaseProperties': Could not bind properties to 'LiquibaseProperties' : prefix=spring.liquibase, ignoreInvalidFields=false, ignoreUnknownFields=false
2025-09-20T18:05:41.635+03:00  INFO 45913 --- [fantasy] [           main] o.apache.catalina.core.StandardService   : Stopping service [Tomcat]
2025-09-20T18:05:41.648+03:00  INFO 45913 --- [fantasy] [           main] .s.b.a.l.ConditionEvaluationReportLogger : 

Error starting ApplicationContext. To display the condition evaluation report re-run your application with 'debug' enabled.
2025-09-20T18:05:41.658+03:00 ERROR 45913 --- [fantasy] [           main] o.s.b.d.LoggingFailureAnalysisReporter   : 

***************************
APPLICATION FAILED TO START
***************************

Description:

Binding to target [Bindable@6dca31eb type = org.springframework.boot.autoconfigure.liquibase.LiquibaseProperties, value = 'provided', annotations = array<Annotation>[@org.springframework.boot.context.properties.ConfigurationProperties(ignoreInvalidFields=false, ignoreUnknownFields=false, prefix="spring.liquibase", value="spring.liquibase")], bindMethod = JAVA_BEAN] failed:

    Property: spring.liquibase.should-run
    Value: "true"
    Origin: class path resource [application.properties] - 19:29
    Reason: The elements [spring.liquibase.should-run,spring.liquibase.validate-on-migrate] were left unbound.
    Property: spring.liquibase.validate-on-migrate
    Value: "false"
    Origin: class path resource [application.properties] - 20:38
    Reason: The elements [spring.liquibase.should-run,spring.liquibase.validate-on-migrate] were left unbound.

Action:

Update your application's configuration


FAILURE: Build failed with an exception.

* What went wrong:
Execution failed for task ':bootRun'.
> Process 'command '/Users/Apple/Library/Java/JavaVirtualMachines/jbr-17.0.14/Contents/Home/bin/java'' finished with non-zero exit value 1

* Try:
> Run with --stacktrace option to get the stack trace.
> Run with --info or --debug option to get more log output.
> Run with --scan to get full insights.
> Get more help at https://help.gradle.org.

BUILD FAILED in 2s
4 actionable tasks: 3 executed, 1 up-to-date
